<?xml version="1.0" encoding="UTF-8"?>
<!-- Generated by org.testng.reporters.JUnitXMLReporter -->
<testsuite ignored="0" hostname="LAPTOP-F0T44AR1" failures="0" tests="8" name="Default test" time="127.502" errors="0" timestamp="2022-12-02T11:26:39 EET">
  <testcase classname="Tests.VerifyTests" name="signUp" time="14.002"/>
  <testcase classname="Tests.VerifyTests" name="login" time="16.599"/>
  <testcase classname="Tests.VerifyTests" name="loginWrongName" time="14.459"/>
  <testcase classname="Tests.VerifyTests" name="registrationOnlyName" time="16.813"/>
  <testcase classname="Tests.VerifyTests" name="registrationOnlyPsw" time="14.631"/>
  <testcase classname="Tests.VerifyTests" name="registrationNoPersonalData" time="18.69"/>
  <testcase classname="Tests.VerifyTests" name="registrationWithUsedUsername" time="14.613"/>
  <testcase classname="Tests.VerifyTests" name="registrationPasswordsDontMatch" time="14.644"/>
</testsuite> <!-- Default test -->
