<?xml version="1.0" encoding="UTF-8"?>
<!-- Generated by org.testng.reporters.JUnitXMLReporter -->
<testsuite ignored="0" hostname="LAPTOP-F0T44AR1" failures="0" tests="8" name="CalculatorRegistrationTest" time="127.032" errors="0" timestamp="2022-12-02T11:20:40 EET">
  <testcase classname="Tests.VerifyTests" name="signUp" time="13.962"/>
  <testcase classname="Tests.VerifyTests" name="login" time="16.569"/>
  <testcase classname="Tests.VerifyTests" name="loginWrongName" time="14.421"/>
  <testcase classname="Tests.VerifyTests" name="registrationOnlyName" time="16.796"/>
  <testcase classname="Tests.VerifyTests" name="registrationOnlyPsw" time="14.628"/>
  <testcase classname="Tests.VerifyTests" name="registrationNoPersonalData" time="18.668"/>
  <testcase classname="Tests.VerifyTests" name="registrationWithUsedUsername" time="14.633"/>
  <testcase classname="Tests.VerifyTests" name="registrationPasswordsDontMatch" time="14.613"/>
</testsuite> <!-- CalculatorRegistrationTest -->
